0 info it worked if it ends with ok
1 verbose cli [ '/usr/local/bin/node', '/usr/local/bin/npm', 'install', 'zlib' ]
2 info using npm@3.10.10
3 info using node@v6.10.0
4 silly loadCurrentTree Starting
5 silly install loadCurrentTree
6 silly install readLocalPackageData
7 silly fetchPackageMetaData zlib
8 silly fetchNamedPackageData zlib
9 silly mapToRegistry name zlib
10 silly mapToRegistry using default registry
11 silly mapToRegistry registry https://registry.npmjs.org/
12 silly mapToRegistry data Result {
12 silly mapToRegistry   raw: 'zlib',
12 silly mapToRegistry   scope: null,
12 silly mapToRegistry   escapedName: 'zlib',
12 silly mapToRegistry   name: 'zlib',
12 silly mapToRegistry   rawSpec: '',
12 silly mapToRegistry   spec: 'latest',
12 silly mapToRegistry   type: 'tag' }
13 silly mapToRegistry uri https://registry.npmjs.org/zlib
14 verbose request uri https://registry.npmjs.org/zlib
15 verbose request no auth needed
16 info attempt registry request try #1 at 8:42:21 PM
17 verbose request id 40c1d772f53ee258
18 verbose etag W/"4e4027de-17d3"
19 verbose lastModified Mon, 08 Aug 2011 18:15:58 GMT
20 http request GET https://registry.npmjs.org/zlib
21 http 304 https://registry.npmjs.org/zlib
22 verbose headers { date: 'Thu, 02 Mar 2017 01:42:22 GMT',
22 verbose headers   via: '1.1 varnish',
22 verbose headers   'cache-control': 'max-age=300',
22 verbose headers   etag: 'W/"4e4027de-17d3"',
22 verbose headers   age: '54',
22 verbose headers   connection: 'keep-alive',
22 verbose headers   'x-served-by': 'cache-jfk8131-JFK',
22 verbose headers   'x-cache': 'HIT',
22 verbose headers   'x-cache-hits': '1',
22 verbose headers   'x-timer': 'S1488418942.355979,VS0,VE0',
22 verbose headers   vary: 'Accept-Encoding' }
23 silly get cb [ 304,
23 silly get   { date: 'Thu, 02 Mar 2017 01:42:22 GMT',
23 silly get     via: '1.1 varnish',
23 silly get     'cache-control': 'max-age=300',
23 silly get     etag: 'W/"4e4027de-17d3"',
23 silly get     age: '54',
23 silly get     connection: 'keep-alive',
23 silly get     'x-served-by': 'cache-jfk8131-JFK',
23 silly get     'x-cache': 'HIT',
23 silly get     'x-cache-hits': '1',
23 silly get     'x-timer': 'S1488418942.355979,VS0,VE0',
23 silly get     vary: 'Accept-Encoding' } ]
24 verbose etag https://registry.npmjs.org/zlib from cache
25 verbose get saving zlib to /Users/nhendriks/.npm/registry.npmjs.org/zlib/.cache.json
26 verbose correctMkdir /Users/nhendriks/.npm correctMkdir not in flight; initializing
27 silly install normalizeTree
28 silly loadCurrentTree Finishing
29 silly loadIdealTree Starting
30 silly install loadIdealTree
31 silly cloneCurrentTree Starting
32 silly install cloneCurrentTreeToIdealTree
33 silly cloneCurrentTree Finishing
34 silly loadShrinkwrap Starting
35 silly install loadShrinkwrap
36 silly loadShrinkwrap Finishing
37 silly loadAllDepsIntoIdealTree Starting
38 silly install loadAllDepsIntoIdealTree
39 silly resolveWithNewModule zlib@1.0.5 checking installable status
40 silly cache add args [ 'zlib', null ]
41 verbose cache add spec zlib
42 silly cache add parsed spec Result {
42 silly cache add   raw: 'zlib',
42 silly cache add   scope: null,
42 silly cache add   escapedName: 'zlib',
42 silly cache add   name: 'zlib',
42 silly cache add   rawSpec: '',
42 silly cache add   spec: 'latest',
42 silly cache add   type: 'tag' }
43 silly addNamed zlib@latest
44 verbose addNamed "latest" is being treated as a dist-tag for zlib
45 info addNameTag [ 'zlib', 'latest' ]
46 silly mapToRegistry name zlib
47 silly mapToRegistry using default registry
48 silly mapToRegistry registry https://registry.npmjs.org/
49 silly mapToRegistry data Result {
49 silly mapToRegistry   raw: 'zlib',
49 silly mapToRegistry   scope: null,
49 silly mapToRegistry   escapedName: 'zlib',
49 silly mapToRegistry   name: 'zlib',
49 silly mapToRegistry   rawSpec: '',
49 silly mapToRegistry   spec: 'latest',
49 silly mapToRegistry   type: 'tag' }
50 silly mapToRegistry uri https://registry.npmjs.org/zlib
51 verbose addNameTag registry:https://registry.npmjs.org/zlib not in flight; fetching
52 verbose get https://registry.npmjs.org/zlib not expired, no request
53 silly addNameTag next cb for zlib with tag latest
54 silly addNamed zlib@1.0.5
55 verbose addNamed "1.0.5" is a plain semver version for zlib
56 silly cache afterAdd zlib@1.0.5
57 verbose afterAdd /Users/nhendriks/.npm/zlib/1.0.5/package/package.json not in flight; writing
58 verbose correctMkdir /Users/nhendriks/.npm correctMkdir not in flight; initializing
59 verbose afterAdd /Users/nhendriks/.npm/zlib/1.0.5/package/package.json written
60 silly loadAllDepsIntoIdealTree Finishing
61 silly loadIdealTree Finishing
62 silly currentTree npm_demo@1.0.0
62 silly currentTree ├── !invalid#1
62 silly currentTree ├── accepts@1.3.3
62 silly currentTree ├── ansi-regex@2.1.1
62 silly currentTree ├── ansi-styles@2.2.1
62 silly currentTree ├── array-flatten@1.1.1
62 silly currentTree ├── asn1@0.2.3
62 silly currentTree ├── assert-plus@0.2.0
62 silly currentTree ├── async@2.1.5
62 silly currentTree ├── asynckit@0.4.0
62 silly currentTree ├─┬ aws-sdk@2.22.0
62 silly currentTree │ └── uuid@3.0.0
62 silly currentTree ├── aws-sign2@0.6.0
62 silly currentTree ├── aws4@1.6.0
62 silly currentTree ├── base64-js@1.2.0
62 silly currentTree ├── base64url@2.0.0
62 silly currentTree ├── bcrypt-pbkdf@1.0.1
62 silly currentTree ├── bluebird@3.4.7
62 silly currentTree ├── boom@2.10.1
62 silly currentTree ├── buffer-equal-constant-time@1.0.1
62 silly currentTree ├── buffer@4.9.1
62 silly currentTree ├── caseless@0.11.0
62 silly currentTree ├── chalk@1.1.3
62 silly currentTree ├── combined-stream@1.0.5
62 silly currentTree ├── commander@2.9.0
62 silly currentTree ├── content-disposition@0.5.2
62 silly currentTree ├── content-type@1.0.2
62 silly currentTree ├── cookie-signature@1.0.6
62 silly currentTree ├── cookie@0.3.1
62 silly currentTree ├── cryptiles@2.0.5
62 silly currentTree ├── crypto-browserify@1.0.9
62 silly currentTree ├─┬ dashdash@1.14.1
62 silly currentTree │ └── assert-plus@1.0.0
62 silly currentTree ├── debug@2.6.1
62 silly currentTree ├── delayed-stream@1.0.0
62 silly currentTree ├── depd@1.1.0
62 silly currentTree ├── destroy@1.0.4
62 silly currentTree ├── ecc-jsbn@0.1.1
62 silly currentTree ├── ecdsa-sig-formatter@1.0.9
62 silly currentTree ├── ee-first@1.1.1
62 silly currentTree ├── ejs@2.5.6
62 silly currentTree ├── encodeurl@1.0.1
62 silly currentTree ├── escape-html@1.0.3
62 silly currentTree ├── escape-string-regexp@1.0.5
62 silly currentTree ├── etag@1.8.0
62 silly currentTree ├── express@4.15.0
62 silly currentTree ├── extend@3.0.0
62 silly currentTree ├── extsprintf@1.0.2
62 silly currentTree ├── filereader@0.10.3
62 silly currentTree ├── finalhandler@1.0.0
62 silly currentTree ├── forever-agent@0.6.1
62 silly currentTree ├── form-data@2.1.2
62 silly currentTree ├── forwarded@0.1.0
62 silly currentTree ├── fresh@0.5.0
62 silly currentTree ├── generate-function@2.0.0
62 silly currentTree ├── generate-object-property@1.2.0
62 silly currentTree ├─┬ getpass@0.1.6
62 silly currentTree │ └── assert-plus@1.0.0
62 silly currentTree ├── google-auth-library@0.10.0
62 silly currentTree ├── google-p12-pem@0.1.1
62 silly currentTree ├── googleapis@17.1.0
62 silly currentTree ├── graceful-readlink@1.0.1
62 silly currentTree ├── gtoken@1.2.1
62 silly currentTree ├── har-validator@2.0.6
62 silly currentTree ├── has-ansi@2.0.0
62 silly currentTree ├── hawk@3.1.3
62 silly currentTree ├── hoek@2.16.3
62 silly currentTree ├── http-errors@1.6.1
62 silly currentTree ├── http-signature@1.1.1
62 silly currentTree ├── ieee754@1.1.8
62 silly currentTree ├── inherits@2.0.3
62 silly currentTree ├── ipaddr.js@1.2.0
62 silly currentTree ├── is-my-json-valid@2.15.0
62 silly currentTree ├── is-property@1.0.2
62 silly currentTree ├── is-typedarray@1.0.0
62 silly currentTree ├── isarray@1.0.0
62 silly currentTree ├── isstream@0.1.2
62 silly currentTree ├── jmespath@0.15.0
62 silly currentTree ├── jodid25519@1.0.2
62 silly currentTree ├── jsbn@0.1.1
62 silly currentTree ├── json-schema@0.2.3
62 silly currentTree ├── json-stringify-safe@5.0.1
62 silly currentTree ├── jsonpointer@4.0.1
62 silly currentTree ├── jsprim@1.3.1
62 silly currentTree ├── jwa@1.1.5
62 silly currentTree ├── jws@3.1.4
62 silly currentTree ├── lodash.noop@3.0.1
62 silly currentTree ├── lodash@4.17.4
62 silly currentTree ├── media-typer@0.3.0
62 silly currentTree ├── merge-descriptors@1.0.1
62 silly currentTree ├── methods@1.1.2
62 silly currentTree ├── mime-db@1.26.0
62 silly currentTree ├── mime-types@2.1.14
62 silly currentTree ├── mime@1.3.4
62 silly currentTree ├── ms@0.7.2
62 silly currentTree ├── negotiator@0.6.1
62 silly currentTree ├── node-forge@0.6.49
62 silly currentTree ├── oauth-sign@0.8.2
62 silly currentTree ├── on-finished@2.3.0
62 silly currentTree ├── parseurl@1.3.1
62 silly currentTree ├── path-to-regexp@0.1.7
62 silly currentTree ├── pinkie-promise@2.0.1
62 silly currentTree ├── pinkie@2.0.4
62 silly currentTree ├── proxy-addr@1.1.3
62 silly currentTree ├── punycode@1.4.1
62 silly currentTree ├── qs@6.3.1
62 silly currentTree ├── querystring@0.2.0
62 silly currentTree ├── range-parser@1.2.0
62 silly currentTree ├── request@2.79.0
62 silly currentTree ├── safe-buffer@5.0.1
62 silly currentTree ├── sax@1.1.5
62 silly currentTree ├── send@0.15.0
62 silly currentTree ├── serve-static@1.12.0
62 silly currentTree ├── setprototypeof@1.0.3
62 silly currentTree ├── sntp@1.0.9
62 silly currentTree ├─┬ sshpk@1.10.2
62 silly currentTree │ └── assert-plus@1.0.0
62 silly currentTree ├── statuses@1.3.1
62 silly currentTree ├── string-template@1.0.0
62 silly currentTree ├── stringstream@0.0.5
62 silly currentTree ├── strip-ansi@3.0.1
62 silly currentTree ├── supports-color@2.0.0
62 silly currentTree ├── tough-cookie@2.3.2
62 silly currentTree ├── tunnel-agent@0.4.3
62 silly currentTree ├── tweetnacl@0.14.5
62 silly currentTree ├── twit@2.2.5
62 silly currentTree ├── type-is@1.6.14
62 silly currentTree ├── unpipe@1.0.0
62 silly currentTree ├─┬ url@0.10.3
62 silly currentTree │ └── punycode@1.3.2
62 silly currentTree ├── utils-merge@1.0.0
62 silly currentTree ├── uuid@3.0.1
62 silly currentTree ├── vary@1.1.0
62 silly currentTree ├── verror@1.3.6
62 silly currentTree ├── xml2js@0.4.15
62 silly currentTree ├─┬ xmlbuilder@2.6.2
62 silly currentTree │ └── lodash@3.5.0
62 silly currentTree └── xtend@4.0.1
63 silly idealTree npm_demo@1.0.0
63 silly idealTree ├── !invalid#1
63 silly idealTree ├── accepts@1.3.3
63 silly idealTree ├── ansi-regex@2.1.1
63 silly idealTree ├── ansi-styles@2.2.1
63 silly idealTree ├── array-flatten@1.1.1
63 silly idealTree ├── asn1@0.2.3
63 silly idealTree ├── assert-plus@0.2.0
63 silly idealTree ├── async@2.1.5
63 silly idealTree ├── asynckit@0.4.0
63 silly idealTree ├─┬ aws-sdk@2.22.0
63 silly idealTree │ └── uuid@3.0.0
63 silly idealTree ├── aws-sign2@0.6.0
63 silly idealTree ├── aws4@1.6.0
63 silly idealTree ├── base64-js@1.2.0
63 silly idealTree ├── base64url@2.0.0
63 silly idealTree ├── bcrypt-pbkdf@1.0.1
63 silly idealTree ├── bluebird@3.4.7
63 silly idealTree ├── boom@2.10.1
63 silly idealTree ├── buffer-equal-constant-time@1.0.1
63 silly idealTree ├── buffer@4.9.1
63 silly idealTree ├── caseless@0.11.0
63 silly idealTree ├── chalk@1.1.3
63 silly idealTree ├── combined-stream@1.0.5
63 silly idealTree ├── commander@2.9.0
63 silly idealTree ├── content-disposition@0.5.2
63 silly idealTree ├── content-type@1.0.2
63 silly idealTree ├── cookie-signature@1.0.6
63 silly idealTree ├── cookie@0.3.1
63 silly idealTree ├── cryptiles@2.0.5
63 silly idealTree ├── crypto-browserify@1.0.9
63 silly idealTree ├─┬ dashdash@1.14.1
63 silly idealTree │ └── assert-plus@1.0.0
63 silly idealTree ├── debug@2.6.1
63 silly idealTree ├── delayed-stream@1.0.0
63 silly idealTree ├── depd@1.1.0
63 silly idealTree ├── destroy@1.0.4
63 silly idealTree ├── ecc-jsbn@0.1.1
63 silly idealTree ├── ecdsa-sig-formatter@1.0.9
63 silly idealTree ├── ee-first@1.1.1
63 silly idealTree ├── ejs@2.5.6
63 silly idealTree ├── encodeurl@1.0.1
63 silly idealTree ├── escape-html@1.0.3
63 silly idealTree ├── escape-string-regexp@1.0.5
63 silly idealTree ├── etag@1.8.0
63 silly idealTree ├── express@4.15.0
63 silly idealTree ├── extend@3.0.0
63 silly idealTree ├── extsprintf@1.0.2
63 silly idealTree ├── filereader@0.10.3
63 silly idealTree ├── finalhandler@1.0.0
63 silly idealTree ├── forever-agent@0.6.1
63 silly idealTree ├── form-data@2.1.2
63 silly idealTree ├── forwarded@0.1.0
63 silly idealTree ├── fresh@0.5.0
63 silly idealTree ├── generate-function@2.0.0
63 silly idealTree ├── generate-object-property@1.2.0
63 silly idealTree ├─┬ getpass@0.1.6
63 silly idealTree │ └── assert-plus@1.0.0
63 silly idealTree ├── google-auth-library@0.10.0
63 silly idealTree ├── google-p12-pem@0.1.1
63 silly idealTree ├── googleapis@17.1.0
63 silly idealTree ├── graceful-readlink@1.0.1
63 silly idealTree ├── gtoken@1.2.1
63 silly idealTree ├── har-validator@2.0.6
63 silly idealTree ├── has-ansi@2.0.0
63 silly idealTree ├── hawk@3.1.3
63 silly idealTree ├── hoek@2.16.3
63 silly idealTree ├── http-errors@1.6.1
63 silly idealTree ├── http-signature@1.1.1
63 silly idealTree ├── ieee754@1.1.8
63 silly idealTree ├── inherits@2.0.3
63 silly idealTree ├── ipaddr.js@1.2.0
63 silly idealTree ├── is-my-json-valid@2.15.0
63 silly idealTree ├── is-property@1.0.2
63 silly idealTree ├── is-typedarray@1.0.0
63 silly idealTree ├── isarray@1.0.0
63 silly idealTree ├── isstream@0.1.2
63 silly idealTree ├── jmespath@0.15.0
63 silly idealTree ├── jodid25519@1.0.2
63 silly idealTree ├── jsbn@0.1.1
63 silly idealTree ├── json-schema@0.2.3
63 silly idealTree ├── json-stringify-safe@5.0.1
63 silly idealTree ├── jsonpointer@4.0.1
63 silly idealTree ├── jsprim@1.3.1
63 silly idealTree ├── jwa@1.1.5
63 silly idealTree ├── jws@3.1.4
63 silly idealTree ├── lodash.noop@3.0.1
63 silly idealTree ├── lodash@4.17.4
63 silly idealTree ├── media-typer@0.3.0
63 silly idealTree ├── merge-descriptors@1.0.1
63 silly idealTree ├── methods@1.1.2
63 silly idealTree ├── mime-db@1.26.0
63 silly idealTree ├── mime-types@2.1.14
63 silly idealTree ├── mime@1.3.4
63 silly idealTree ├── ms@0.7.2
63 silly idealTree ├── negotiator@0.6.1
63 silly idealTree ├── node-forge@0.6.49
63 silly idealTree ├── oauth-sign@0.8.2
63 silly idealTree ├── on-finished@2.3.0
63 silly idealTree ├── parseurl@1.3.1
63 silly idealTree ├── path-to-regexp@0.1.7
63 silly idealTree ├── pinkie-promise@2.0.1
63 silly idealTree ├── pinkie@2.0.4
63 silly idealTree ├── proxy-addr@1.1.3
63 silly idealTree ├── punycode@1.4.1
63 silly idealTree ├── qs@6.3.1
63 silly idealTree ├── querystring@0.2.0
63 silly idealTree ├── range-parser@1.2.0
63 silly idealTree ├── request@2.79.0
63 silly idealTree ├── safe-buffer@5.0.1
63 silly idealTree ├── sax@1.1.5
63 silly idealTree ├── send@0.15.0
63 silly idealTree ├── serve-static@1.12.0
63 silly idealTree ├── setprototypeof@1.0.3
63 silly idealTree ├── sntp@1.0.9
63 silly idealTree ├─┬ sshpk@1.10.2
63 silly idealTree │ └── assert-plus@1.0.0
63 silly idealTree ├── statuses@1.3.1
63 silly idealTree ├── string-template@1.0.0
63 silly idealTree ├── stringstream@0.0.5
63 silly idealTree ├── strip-ansi@3.0.1
63 silly idealTree ├── supports-color@2.0.0
63 silly idealTree ├── tough-cookie@2.3.2
63 silly idealTree ├── tunnel-agent@0.4.3
63 silly idealTree ├── tweetnacl@0.14.5
63 silly idealTree ├── twit@2.2.5
63 silly idealTree ├── type-is@1.6.14
63 silly idealTree ├── unpipe@1.0.0
63 silly idealTree ├─┬ url@0.10.3
63 silly idealTree │ └── punycode@1.3.2
63 silly idealTree ├── utils-merge@1.0.0
63 silly idealTree ├── uuid@3.0.1
63 silly idealTree ├── vary@1.1.0
63 silly idealTree ├── verror@1.3.6
63 silly idealTree ├── xml2js@0.4.15
63 silly idealTree ├─┬ xmlbuilder@2.6.2
63 silly idealTree │ └── lodash@3.5.0
63 silly idealTree ├── xtend@4.0.1
63 silly idealTree └── zlib@1.0.5
64 silly generateActionsToTake Starting
65 silly install generateActionsToTake
66 silly generateActionsToTake Finishing
67 silly diffTrees action count 1
68 silly diffTrees add zlib@1.0.5
69 silly decomposeActions action count 8
70 silly decomposeActions fetch zlib@1.0.5
71 silly decomposeActions extract zlib@1.0.5
72 silly decomposeActions test zlib@1.0.5
73 silly decomposeActions preinstall zlib@1.0.5
74 silly decomposeActions build zlib@1.0.5
75 silly decomposeActions install zlib@1.0.5
76 silly decomposeActions postinstall zlib@1.0.5
77 silly decomposeActions finalize zlib@1.0.5
78 silly runTopLevelLifecycles Starting
79 silly executeActions Starting
80 silly install executeActions
81 silly doSerial global-install 0
82 silly doParallel fetch 1
83 verbose correctMkdir /Users/nhendriks/.npm/_locks correctMkdir not in flight; initializing
84 verbose lock using /Users/nhendriks/.npm/_locks/staging-7d50ec08e5f0c6ff.lock for /Users/nhendriks/node1/node_modules/.staging
85 silly doParallel extract 1
86 silly extract zlib@1.0.5
87 verbose unbuild node_modules/.staging/zlib-f8517181
88 silly gentlyRm /Users/nhendriks/node1/node_modules/.staging/zlib-f8517181 is being purged from base /Users/nhendriks/node1
89 verbose gentlyRm don't care about contents; nuking /Users/nhendriks/node1/node_modules/.staging/zlib-f8517181
90 verbose tar unpack /Users/nhendriks/.npm/zlib/1.0.5/package.tgz
91 verbose tar unpacking to /Users/nhendriks/node1/node_modules/.staging/zlib-f8517181
92 silly gentlyRm /Users/nhendriks/node1/node_modules/.staging/zlib-f8517181 is being purged
93 verbose gentlyRm don't care about contents; nuking /Users/nhendriks/node1/node_modules/.staging/zlib-f8517181
94 silly gunzTarPerm modes [ '755', '644' ]
95 silly gunzTarPerm extractEntry .gitignore
96 silly gunzTarPerm extractEntry configure
97 silly gunzTarPerm extractEntry index.js
98 silly gunzTarPerm extractEntry LICENSE
99 silly gunzTarPerm extractEntry Makefile
100 silly gunzTarPerm extractEntry package.json
101 silly gunzTarPerm extractEntry README.md
102 silly gunzTarPerm extractEntry wscript
103 silly gunzTarPerm extractEntry lib/zlib.js
104 silly gunzTarPerm extractEntry src/node-zlib.cc
105 silly gunzTarPerm extractEntry test/deflate.test.js
106 silly gunzTarPerm extractEntry test/inflate.test.js
107 silly gentlyRm /Users/nhendriks/node1/node_modules/.staging/zlib-f8517181/node_modules is being purged
108 verbose gentlyRm don't care about contents; nuking /Users/nhendriks/node1/node_modules/.staging/zlib-f8517181/node_modules
109 silly doParallel preinstall 1
110 silly preinstall zlib@1.0.5 /Users/nhendriks/node1/node_modules/.staging/zlib-f8517181
111 info lifecycle zlib@1.0.5~preinstall: zlib@1.0.5
112 verbose lifecycle zlib@1.0.5~preinstall: unsafe-perm in lifecycle true
113 verbose lifecycle zlib@1.0.5~preinstall: PATH: /usr/local/lib/node_modules/npm/bin/node-gyp-bin:/Users/nhendriks/node1/node_modules/.staging/zlib-f8517181/node_modules/.bin:/Users/nhendriks/node1/node_modules/.bin:/usr/bin:/bin:/usr/sbin:/sbin:/usr/local/bin
114 verbose lifecycle zlib@1.0.5~preinstall: CWD: /Users/nhendriks/node1/node_modules/.staging/zlib-f8517181
115 silly lifecycle zlib@1.0.5~preinstall: Args: [ '-c', 'node-waf clean || true; node-waf configure build' ]
116 info lifecycle zlib@1.0.5~preinstall: Failed to exec preinstall script
117 verbose unlock done using /Users/nhendriks/.npm/_locks/staging-7d50ec08e5f0c6ff.lock for /Users/nhendriks/node1/node_modules/.staging
118 silly rollbackFailedOptional Starting
119 silly rollbackFailedOptional Finishing
120 silly runTopLevelLifecycles Finishing
121 silly install printInstalled
122 warn npm_demo@1.0.0 No repository field.
123 verbose If you need help, you may report this error at:
123 verbose     <https://github.com/npm/npm/issues>
124 verbose stack Error: zlib@1.0.5 preinstall: `node-waf clean || true; node-waf configure build`
124 verbose stack spawn ENOENT
124 verbose stack     at ChildProcess.<anonymous> (/usr/local/lib/node_modules/npm/lib/utils/spawn.js:33:16)
124 verbose stack     at emitTwo (events.js:106:13)
124 verbose stack     at ChildProcess.emit (events.js:191:7)
124 verbose stack     at maybeClose (internal/child_process.js:877:16)
124 verbose stack     at Process.ChildProcess._handle.onexit (internal/child_process.js:226:5)
125 verbose pkgid zlib@1.0.5
126 verbose cwd /Users/nhendriks/node1
127 error Darwin 15.3.0
128 error argv "/usr/local/bin/node" "/usr/local/bin/npm" "install" "zlib"
129 error node v6.10.0
130 error npm  v3.10.10
131 error file sh
132 error code ELIFECYCLE
133 error errno ENOENT
134 error syscall spawn
135 error zlib@1.0.5 preinstall: `node-waf clean || true; node-waf configure build`
135 error spawn ENOENT
136 error Failed at the zlib@1.0.5 preinstall script 'node-waf clean || true; node-waf configure build'.
136 error Make sure you have the latest version of node.js and npm installed.
136 error If you do, this is most likely a problem with the zlib package,
136 error not with npm itself.
136 error Tell the author that this fails on your system:
136 error     node-waf clean || true; node-waf configure build
136 error You can get information on how to open an issue for this project with:
136 error     npm bugs zlib
136 error Or if that isn't available, you can get their info via:
136 error     npm owner ls zlib
136 error There is likely additional logging output above.
137 verbose exit [ 1, true ]
